createdb Phold/Ef-P10-208_filtered_structures/ Phold/Ef-P10-208/foldseek_db/Ef-P10-208 

MMseqs Version:        	9.427df8a
Path to ProstT5        	
Chain name mode        	0
Write mapping file     	0
Mask b-factor threshold	0
Coord store mode       	2
Write lookup file      	1
Input format           	0
File Inclusion Regex   	.*
File Exclusion Regex   	^$
Threads                	32
Verbosity              	3

Output file: Phold/Ef-P10-208/foldseek_db/Ef-P10-208
[=================================================================] 239 0s 55ms
Time for merging to Ef-P10-208_ss: 0h 0m 0s 1ms
Time for merging to Ef-P10-208_h: 0h 0m 0s 1ms
Time for merging to Ef-P10-208_ca: 0h 0m 0s 1ms
Time for merging to Ef-P10-208: 0h 0m 0s 1ms
Ignore 0 out of 239.
Too short: 0, incorrect: 0, not proteins: 0.
Time for processing: 0h 0m 0s 79ms
