search Phold/Ef-P20-208/foldseek_db/Ef-P20-208 ../phold_db_v_0_2_0/all_phold_structures_clustered_searchDB Phold/Ef-P20-208/result_db/result_db Phold/Ef-P20-208/temp_db --threads 32 -e 0.001 -s 9.5 --max-seqs 10000 --cluster-search 1 

MMseqs Version:              	9.427df8a
Seq. id. threshold           	0
Coverage threshold           	0
Coverage mode                	0
Max reject                   	2147483647
Max accept                   	2147483647
Add backtrace                	false
TMscore threshold            	0
TMalign hit order            	0
TMalign fast                 	1
Preload mode                 	0
Threads                      	32
Verbosity                    	3
LDDT threshold               	0
Sort by structure bit score  	1
Alignment type               	2
Exact TMscore                	0
Substitution matrix          	aa:3di.out,nucl:3di.out
Alignment mode               	3
Alignment mode               	0
E-value threshold            	0.001
Min alignment length         	0
Seq. id. mode                	0
Alternative alignments       	0
Max sequence length          	65535
Compositional bias           	1
Compositional bias           	1
Gap open cost                	aa:10,nucl:10
Gap extension cost           	aa:1,nucl:1
Compressed                   	0
Seed substitution matrix     	aa:3di.out,nucl:3di.out
Sensitivity                  	9.5
k-mer length                 	0
Target search mode           	0
k-score                      	seq:2147483647,prof:2147483647
Max results per query        	10000
Split database               	0
Split mode                   	2
Split memory limit           	0
Diagonal scoring             	true
Exact k-mer matching         	0
Mask residues                	0
Mask residues probability    	0.99995
Mask lower case residues     	1
Minimum diagonal score       	30
Selected taxa                	
Spaced k-mers                	1
Spaced k-mer pattern         	
Local temporary path         	
Exhaustive search mode       	false
Prefilter mode               	0
Search iterations            	1
Remove temporary files       	true
MPI runner                   	
Force restart with latest tmp	false
Cluster search               	1

prefilter Phold/Ef-P20-208/foldseek_db/Ef-P20-208_ss ../phold_db_v_0_2_0/all_phold_structures_clustered_searchDB_ss Phold/Ef-P20-208/temp_db/10944751055758181778/pref --sub-mat 'aa:3di.out,nucl:3di.out' --seed-sub-mat 'aa:3di.out,nucl:3di.out' -s 9.5 -k 0 --target-search-mode 0 --k-score seq:2147483647,prof:2147483647 --alph-size aa:21,nucl:5 --max-seq-len 65535 --max-seqs 10000 --split 0 --split-mode 2 --split-memory-limit 0 -c 0 --cov-mode 0 --comp-bias-corr 1 --comp-bias-corr-scale 0.15 --diag-score 1 --exact-kmer-matching 0 --mask 0 --mask-prob 0.99995 --mask-lower-case 1 --min-ungapped-score 30 --add-self-matches 0 --spaced-kmer-mode 1 --db-load-mode 0 --pca substitution:1.100,context:1.400 --pcb substitution:4.100,context:5.800 --threads 32 --compressed 0 -v 3 

Query database size: 235 type: Aminoacid
Estimated memory consumption: 2G
Target database size: 372645 type: Aminoacid
Index table k-mer threshold: 78 at k-mer size 6 
Index table: counting k-mers
[=================================================================] 372.64K 0s 250ms
Index table: Masked residues: 0
Index table: fill
[=================================================================] 372.64K 0s 554ms
Index statistics
Entries:          91326864
DB size:          1010 MB
Avg k-mer size:   1.426982
Top 10 k-mers
    DDDDDD	137912
    VVLVVV	128606
    SVVVVV	121636
    SVSVVV	114664
    VVSVVV	106457
    DPVVVV	105783
    LVVVVV	96573
    DDVVVV	77979
    PPVVVV	77605
    CVVVVV	75319
Time for index table init: 0h 0m 1s 512ms
Process prefiltering step 1 of 1

k-mer similarity threshold: 78
Starting prefiltering scores calculation (step 1 of 1)
Query db start 1 to 235
Target db start 1 to 372645
[=================================================================] 235 3s 220ms

3620.269291 k-mers per position
8762995 DB matches per sequence
172 overflows
9357 sequences passed prefiltering per query sequence
10000 median result list length
7 sequences with 0 size result lists
Time for merging to pref: 0h 0m 0s 0ms
Time for processing: 0h 0m 6s 530ms
structurealign Phold/Ef-P20-208/foldseek_db/Ef-P20-208 ../phold_db_v_0_2_0/all_phold_structures_clustered_searchDB Phold/Ef-P20-208/temp_db/10944751055758181778/pref Phold/Ef-P20-208/temp_db/10944751055758181778/strualn --tmscore-threshold 0 --lddt-threshold 0 --sort-by-structure-bits 1 --alignment-type 2 --exact-tmscore 0 --sub-mat 'aa:3di.out,nucl:3di.out' -a 0 --alignment-mode 3 --alignment-output-mode 0 --wrapped-scoring 0 -e 0.001 --min-seq-id 0 --min-aln-len 0 --seq-id-mode 0 --alt-ali 0 -c 0 --cov-mode 0 --max-seq-len 65535 --comp-bias-corr 1 --comp-bias-corr-scale 0.5 --max-rejected 2147483647 --max-accept 2147483647 --add-self-matches 0 --db-load-mode 0 --pca substitution:1.100,context:1.400 --pcb substitution:4.100,context:5.800 --score-bias 0 --realign 0 --realign-score-bias -0.2 --realign-max-seqs 2147483647 --corr-score-weight 0 --gap-open aa:10,nucl:10 --gap-extend aa:1,nucl:1 --zdrop 40 --threads 32 --compressed 0 -v 3 

[=================================================================] 235 3s 62ms
Time for merging to strualn: 0h 0m 0s 0ms
Time for processing: 0h 0m 8s 338ms
mergeresultsbyset Phold/Ef-P20-208/temp_db/10944751055758181778/strualn ../phold_db_v_0_2_0/all_phold_structures_clustered_searchDB Phold/Ef-P20-208/temp_db/10944751055758181778/strualn_expanded --db-load-mode 0 --threads 32 --compressed 0 -v 3 

Time for merging to strualn_expanded: 0h 0m 0s 0ms
Time for processing: 0h 0m 0s 75ms
setextendeddbtype Phold/Ef-P20-208/temp_db/10944751055758181778/strualn_expanded --extended-dbtype 2 

Time for processing: 0h 0m 0s 0ms
structurealign Phold/Ef-P20-208/foldseek_db/Ef-P20-208 ../phold_db_v_0_2_0/all_phold_structures_clustered_searchDB Phold/Ef-P20-208/temp_db/10944751055758181778/strualn_expanded Phold/Ef-P20-208/temp_db/10944751055758181778/aln --tmscore-threshold 0 --lddt-threshold 0 --sort-by-structure-bits 1 --alignment-type 2 --exact-tmscore 0 --sub-mat 'aa:3di.out,nucl:3di.out' -a 0 --alignment-mode 3 --alignment-output-mode 0 --wrapped-scoring 0 -e 0.001 --min-seq-id 0 --min-aln-len 0 --seq-id-mode 0 --alt-ali 0 -c 0 --cov-mode 0 --max-seq-len 65535 --comp-bias-corr 1 --comp-bias-corr-scale 0.5 --max-rejected 2147483647 --max-accept 2147483647 --add-self-matches 0 --db-load-mode 0 --pca substitution:1.100,context:1.400 --pcb substitution:4.100,context:5.800 --score-bias 0 --realign 0 --realign-score-bias -0.2 --realign-max-seqs 2147483647 --corr-score-weight 0 --gap-open aa:10,nucl:10 --gap-extend aa:1,nucl:1 --zdrop 40 --threads 32 --compressed 0 -v 3 

[=================================================================] 235 0s 837ms
Time for merging to aln: 0h 0m 0s 0ms
Time for processing: 0h 0m 37s 565ms
mvdb Phold/Ef-P20-208/temp_db/10944751055758181778/aln Phold/Ef-P20-208/result_db/result_db -v 3 

Time for processing: 0h 0m 0s 0ms
Removing temporary files
rmdb Phold/Ef-P20-208/temp_db/10944751055758181778/strualn_expanded -v 3 

Time for processing: 0h 0m 0s 0ms
rmdb Phold/Ef-P20-208/temp_db/10944751055758181778/pref -v 3 

Time for processing: 0h 0m 0s 2ms
