createdb Phold/Ef-P20-208_filtered_structures/ Phold/Ef-P20-208/foldseek_db/Ef-P20-208 

MMseqs Version:        	9.427df8a
Path to ProstT5        	
Chain name mode        	0
Write mapping file     	0
Mask b-factor threshold	0
Coord store mode       	2
Write lookup file      	1
Input format           	0
File Inclusion Regex   	.*
File Exclusion Regex   	^$
Threads                	32
Verbosity              	3

Output file: Phold/Ef-P20-208/foldseek_db/Ef-P20-208
[=================================================================] 235 0s 46ms
Time for merging to Ef-P20-208_ss: 0h 0m 0s 1ms
Time for merging to Ef-P20-208_h: 0h 0m 0s 3ms
Time for merging to Ef-P20-208_ca: 0h 0m 0s 1ms
Time for merging to Ef-P20-208: 0h 0m 0s 1ms
Ignore 0 out of 235.
Too short: 0, incorrect: 0, not proteins: 0.
Time for processing: 0h 0m 0s 64ms
